2020-11-29 15:29:09,318 INFO org.springframework.boot.StartupInfoLogger [main] Starting SareetaApplication on MSI with PID 22396 (started by Rohan in D:\College Stuff\Courses\Udacity - Java Web Development\JDND\projects\P04-eCommerce Application\starter_code)
2020-11-29 15:29:09,322 DEBUG org.springframework.boot.StartupInfoLogger [main] Running with Spring Boot v2.1.5.RELEASE, Spring v5.1.7.RELEASE
2020-11-29 15:29:09,324 INFO org.springframework.boot.SpringApplication [main] No active profile set, falling back to default profiles: default
2020-11-29 15:29:10,311 INFO org.springframework.data.repository.config.RepositoryConfigurationDelegate [main] Bootstrapping Spring Data repositories in DEFAULT mode.
2020-11-29 15:29:10,401 INFO org.springframework.data.repository.config.RepositoryConfigurationDelegate [main] Finished Spring Data repository scanning in 75ms. Found 4 repository interfaces.
2020-11-29 15:29:11,136 INFO org.springframework.context.support.PostProcessorRegistrationDelegate$BeanPostProcessorChecker [main] Bean 'org.springframework.transaction.annotation.ProxyTransactionManagementConfiguration' of type [org.springframework.transaction.annotation.ProxyTransactionManagementConfiguration$$EnhancerBySpringCGLIB$$1491cc9] is not eligible for getting processed by all BeanPostProcessors (for example: not eligible for auto-proxying)
2020-11-29 15:29:11,530 INFO org.springframework.boot.web.embedded.tomcat.TomcatWebServer [main] Tomcat initialized with port(s): 8080 (http)
2020-11-29 15:29:11,551 INFO org.apache.juli.logging.DirectJDKLog [main] Initializing ProtocolHandler ["http-nio-8080"]
2020-11-29 15:29:11,564 INFO org.apache.juli.logging.DirectJDKLog [main] Starting service [Tomcat]
2020-11-29 15:29:11,564 INFO org.apache.juli.logging.DirectJDKLog [main] Starting Servlet engine: [Apache Tomcat/9.0.19]
2020-11-29 15:29:11,735 INFO org.apache.juli.logging.DirectJDKLog [main] Initializing Spring embedded WebApplicationContext
2020-11-29 15:29:11,736 INFO org.springframework.boot.web.servlet.context.ServletWebServerApplicationContext [main] Root WebApplicationContext: initialization completed in 2329 ms
2020-11-29 15:29:11,996 INFO com.zaxxer.hikari.HikariDataSource [main] HikariPool-1 - Starting...
2020-11-29 15:29:12,351 INFO com.zaxxer.hikari.HikariDataSource [main] HikariPool-1 - Start completed.
2020-11-29 15:29:12,427 INFO org.hibernate.jpa.internal.util.LogHelper [main] HHH000204: Processing PersistenceUnitInfo [
	name: default
	...]
2020-11-29 15:29:12,547 INFO org.hibernate.Version [main] HHH000412: Hibernate Core {5.3.10.Final}
2020-11-29 15:29:12,550 INFO org.hibernate.cfg.Environment [main] HHH000206: hibernate.properties not found
2020-11-29 15:29:12,811 INFO org.hibernate.annotations.common.reflection.java.JavaReflectionManager [main] HCANN000001: Hibernate Commons Annotations {5.0.4.Final}
2020-11-29 15:29:13,046 INFO org.hibernate.dialect.Dialect [main] HHH000400: Using dialect: org.hibernate.dialect.H2Dialect
2020-11-29 15:29:14,515 INFO org.springframework.orm.jpa.AbstractEntityManagerFactoryBean [main] Initialized JPA EntityManagerFactory for persistence unit 'default'
2020-11-29 15:29:15,485 INFO org.springframework.security.web.DefaultSecurityFilterChain [main] Creating filter chain: any request, [org.springframework.security.web.context.request.async.WebAsyncManagerIntegrationFilter@27c827ec, org.springframework.security.web.context.SecurityContextPersistenceFilter@6d01f2e5, org.springframework.security.web.header.HeaderWriterFilter@257708e, org.springframework.web.filter.CorsFilter@7d108063, org.springframework.security.web.authentication.logout.LogoutFilter@1221d607, com.example.demo.security.JWTAuthenticationFilter@b272860, com.example.demo.security.JWTAuthorizationFilter@4351d055, org.springframework.security.web.savedrequest.RequestCacheAwareFilter@3a7d6976, org.springframework.security.web.servletapi.SecurityContextHolderAwareRequestFilter@6d57b264, org.springframework.security.web.authentication.AnonymousAuthenticationFilter@25c06894, org.springframework.security.web.session.SessionManagementFilter@6167a456, org.springframework.security.web.access.ExceptionTranslationFilter@bae5e58, org.springframework.security.web.access.intercept.FilterSecurityInterceptor@30a6984c]
2020-11-29 15:29:15,759 INFO org.springframework.scheduling.concurrent.ExecutorConfigurationSupport [main] Initializing ExecutorService 'applicationTaskExecutor'
2020-11-29 15:29:15,869 WARN org.springframework.boot.autoconfigure.orm.jpa.JpaBaseConfiguration$JpaWebConfiguration$JpaWebMvcConfiguration [main] spring.jpa.open-in-view is enabled by default. Therefore, database queries may be performed during view rendering. Explicitly configure spring.jpa.open-in-view to disable this warning
2020-11-29 15:29:16,134 INFO org.apache.juli.logging.DirectJDKLog [main] Starting ProtocolHandler ["http-nio-8080"]
2020-11-29 15:29:16,174 INFO org.springframework.boot.web.embedded.tomcat.TomcatWebServer [main] Tomcat started on port(s): 8080 (http) with context path ''
2020-11-29 15:29:16,177 INFO org.springframework.boot.StartupInfoLogger [main] Started SareetaApplication in 7.474 seconds (JVM running for 8.195)
2020-11-29 15:30:40,154 INFO org.apache.juli.logging.DirectJDKLog [http-nio-8080-exec-2] Initializing Spring DispatcherServlet 'dispatcherServlet'
2020-11-29 15:30:40,155 INFO org.springframework.web.servlet.FrameworkServlet [http-nio-8080-exec-2] Initializing Servlet 'dispatcherServlet'
2020-11-29 15:30:40,168 INFO org.springframework.web.servlet.FrameworkServlet [http-nio-8080-exec-2] Completed initialization in 12 ms
2020-11-29 15:30:40,312 INFO com.example.demo.controllers.UserController [http-nio-8080-exec-2] New user request: Rohan
2020-11-29 15:30:40,503 INFO com.example.demo.controllers.UserController [http-nio-8080-exec-2] User has been created successfully: Rohan
2020-11-29 15:32:09,094 DEBUG org.springframework.security.web.authentication.AbstractAuthenticationProcessingFilter [http-nio-8080-exec-5] Request is to process authentication
2020-11-29 15:32:09,200 INFO org.hibernate.hql.internal.QueryTranslatorFactoryInitiator [http-nio-8080-exec-5] HHH000397: Using ASTQueryTranslatorFactory
2020-11-29 15:33:17,488 INFO com.example.demo.controllers.CartController [http-nio-8080-exec-9] User not found: Rohan1
2020-11-29 15:33:30,705 INFO com.example.demo.controllers.CartController [http-nio-8080-exec-8] Username: Rohan
2020-11-29 15:33:30,711 INFO com.example.demo.controllers.CartController [http-nio-8080-exec-8] Item not found: 3
2020-11-29 15:33:39,066 INFO com.example.demo.controllers.CartController [http-nio-8080-exec-10] Username: Rohan
2020-11-29 15:33:39,072 INFO com.example.demo.controllers.CartController [http-nio-8080-exec-10] Item : 1
2020-11-29 15:34:16,689 INFO com.example.demo.controllers.OrderController [http-nio-8080-exec-1] User not found. Can not submit order: Rohan1
2020-11-29 15:43:24,091 INFO org.springframework.boot.StartupInfoLogger [main] Starting CartControllerTest on MSI with PID 4836 (started by Rohan in D:\College Stuff\Courses\Udacity - Java Web Development\JDND\projects\P04-eCommerce Application\starter_code)
2020-11-29 15:43:24,095 DEBUG org.springframework.boot.StartupInfoLogger [main] Running with Spring Boot v2.1.5.RELEASE, Spring v5.1.7.RELEASE
2020-11-29 15:43:24,096 INFO org.springframework.boot.SpringApplication [main] No active profile set, falling back to default profiles: default
2020-11-29 15:43:24,718 INFO org.springframework.data.repository.config.RepositoryConfigurationDelegate [main] Bootstrapping Spring Data repositories in DEFAULT mode.
2020-11-29 15:43:24,776 INFO org.springframework.data.repository.config.RepositoryConfigurationDelegate [main] Finished Spring Data repository scanning in 50ms. Found 4 repository interfaces.
2020-11-29 15:43:25,408 INFO org.springframework.context.support.PostProcessorRegistrationDelegate$BeanPostProcessorChecker [main] Bean 'org.springframework.transaction.annotation.ProxyTransactionManagementConfiguration' of type [org.springframework.transaction.annotation.ProxyTransactionManagementConfiguration$$EnhancerBySpringCGLIB$$d313767d] is not eligible for getting processed by all BeanPostProcessors (for example: not eligible for auto-proxying)
2020-11-29 15:43:25,680 INFO com.zaxxer.hikari.HikariDataSource [main] HikariPool-1 - Starting...
2020-11-29 15:43:25,879 INFO com.zaxxer.hikari.HikariDataSource [main] HikariPool-1 - Start completed.
2020-11-29 15:43:25,969 INFO org.hibernate.jpa.internal.util.LogHelper [main] HHH000204: Processing PersistenceUnitInfo [
	name: default
	...]
2020-11-29 15:43:26,057 INFO org.hibernate.Version [main] HHH000412: Hibernate Core {5.3.10.Final}
2020-11-29 15:43:26,060 INFO org.hibernate.cfg.Environment [main] HHH000206: hibernate.properties not found
2020-11-29 15:43:26,108 INFO org.hibernate.annotations.common.reflection.java.JavaReflectionManager [main] HCANN000001: Hibernate Commons Annotations {5.0.4.Final}
2020-11-29 15:43:26,346 INFO org.hibernate.dialect.Dialect [main] HHH000400: Using dialect: org.hibernate.dialect.H2Dialect
2020-11-29 15:43:27,048 INFO org.springframework.orm.jpa.AbstractEntityManagerFactoryBean [main] Initialized JPA EntityManagerFactory for persistence unit 'default'
2020-11-29 15:43:27,963 INFO org.springframework.security.web.DefaultSecurityFilterChain [main] Creating filter chain: any request, [org.springframework.security.web.context.request.async.WebAsyncManagerIntegrationFilter@3a66d97e, org.springframework.security.web.context.SecurityContextPersistenceFilter@10820978, org.springframework.security.web.header.HeaderWriterFilter@7253c53, org.springframework.web.filter.CorsFilter@1add3e03, org.springframework.security.web.authentication.logout.LogoutFilter@198c0f1c, com.example.demo.security.JWTAuthenticationFilter@d28a235, com.example.demo.security.JWTAuthorizationFilter@43e30f15, org.springframework.security.web.savedrequest.RequestCacheAwareFilter@c247363, org.springframework.security.web.servletapi.SecurityContextHolderAwareRequestFilter@25c4f621, org.springframework.security.web.authentication.AnonymousAuthenticationFilter@4fc2933e, org.springframework.security.web.session.SessionManagementFilter@64829470, org.springframework.security.web.access.ExceptionTranslationFilter@226e95e9, org.springframework.security.web.access.intercept.FilterSecurityInterceptor@764a3867]
2020-11-29 15:43:28,623 INFO org.springframework.scheduling.concurrent.ExecutorConfigurationSupport [main] Initializing ExecutorService 'applicationTaskExecutor'
2020-11-29 15:43:28,696 WARN org.springframework.boot.autoconfigure.orm.jpa.JpaBaseConfiguration$JpaWebConfiguration$JpaWebMvcConfiguration [main] spring.jpa.open-in-view is enabled by default. Therefore, database queries may be performed during view rendering. Explicitly configure spring.jpa.open-in-view to disable this warning
2020-11-29 15:43:29,125 INFO org.springframework.boot.StartupInfoLogger [main] Started CartControllerTest in 5.468 seconds (JVM running for 7.388)
2020-11-29 15:43:29,169 INFO com.example.demo.controllers.CartController [main] Username: test
2020-11-29 15:43:29,170 INFO com.example.demo.controllers.CartController [main] Item : 0
2020-11-29 15:43:29,186 INFO com.example.demo.controllers.CartController [main] Item removed: 0
2020-11-29 15:43:29,195 INFO org.springframework.scheduling.concurrent.ExecutorConfigurationSupport [Thread-4] Shutting down ExecutorService 'applicationTaskExecutor'
2020-11-29 15:43:29,197 INFO org.springframework.orm.jpa.AbstractEntityManagerFactoryBean [Thread-4] Closing JPA EntityManagerFactory for persistence unit 'default'
2020-11-29 15:43:29,200 INFO com.zaxxer.hikari.HikariDataSource [Thread-4] HikariPool-1 - Shutdown initiated...
2020-11-29 15:43:29,203 INFO com.zaxxer.hikari.HikariDataSource [Thread-4] HikariPool-1 - Shutdown completed.
2020-11-29 15:44:10,403 INFO org.springframework.boot.StartupInfoLogger [main] Starting ItemControllerTest on MSI with PID 24588 (started by Rohan in D:\College Stuff\Courses\Udacity - Java Web Development\JDND\projects\P04-eCommerce Application\starter_code)
2020-11-29 15:44:10,404 DEBUG org.springframework.boot.StartupInfoLogger [main] Running with Spring Boot v2.1.5.RELEASE, Spring v5.1.7.RELEASE
2020-11-29 15:44:10,406 INFO org.springframework.boot.SpringApplication [main] No active profile set, falling back to default profiles: default
2020-11-29 15:44:11,086 INFO org.springframework.data.repository.config.RepositoryConfigurationDelegate [main] Bootstrapping Spring Data repositories in DEFAULT mode.
2020-11-29 15:44:11,165 INFO org.springframework.data.repository.config.RepositoryConfigurationDelegate [main] Finished Spring Data repository scanning in 67ms. Found 4 repository interfaces.
2020-11-29 15:44:11,801 INFO org.springframework.context.support.PostProcessorRegistrationDelegate$BeanPostProcessorChecker [main] Bean 'org.springframework.transaction.annotation.ProxyTransactionManagementConfiguration' of type [org.springframework.transaction.annotation.ProxyTransactionManagementConfiguration$$EnhancerBySpringCGLIB$$e130955a] is not eligible for getting processed by all BeanPostProcessors (for example: not eligible for auto-proxying)
2020-11-29 15:44:12,056 INFO com.zaxxer.hikari.HikariDataSource [main] HikariPool-1 - Starting...
2020-11-29 15:44:12,309 INFO com.zaxxer.hikari.HikariDataSource [main] HikariPool-1 - Start completed.
2020-11-29 15:44:12,430 INFO org.hibernate.jpa.internal.util.LogHelper [main] HHH000204: Processing PersistenceUnitInfo [
	name: default
	...]
2020-11-29 15:44:12,553 INFO org.hibernate.Version [main] HHH000412: Hibernate Core {5.3.10.Final}
2020-11-29 15:44:12,560 INFO org.hibernate.cfg.Environment [main] HHH000206: hibernate.properties not found
2020-11-29 15:44:12,634 INFO org.hibernate.annotations.common.reflection.java.JavaReflectionManager [main] HCANN000001: Hibernate Commons Annotations {5.0.4.Final}
2020-11-29 15:44:12,832 INFO org.hibernate.dialect.Dialect [main] HHH000400: Using dialect: org.hibernate.dialect.H2Dialect
2020-11-29 15:44:13,434 INFO org.springframework.orm.jpa.AbstractEntityManagerFactoryBean [main] Initialized JPA EntityManagerFactory for persistence unit 'default'
2020-11-29 15:44:14,560 INFO org.springframework.security.web.DefaultSecurityFilterChain [main] Creating filter chain: any request, [org.springframework.security.web.context.request.async.WebAsyncManagerIntegrationFilter@129aaac1, org.springframework.security.web.context.SecurityContextPersistenceFilter@68f264bf, org.springframework.security.web.header.HeaderWriterFilter@18d1d137, org.springframework.web.filter.CorsFilter@3370be55, org.springframework.security.web.authentication.logout.LogoutFilter@1bb51492, com.example.demo.security.JWTAuthenticationFilter@3d2b13f, com.example.demo.security.JWTAuthorizationFilter@58c36104, org.springframework.security.web.savedrequest.RequestCacheAwareFilter@6baee63b, org.springframework.security.web.servletapi.SecurityContextHolderAwareRequestFilter@34065642, org.springframework.security.web.authentication.AnonymousAuthenticationFilter@1fc8047f, org.springframework.security.web.session.SessionManagementFilter@7c45191e, org.springframework.security.web.access.ExceptionTranslationFilter@7d5d77a6, org.springframework.security.web.access.intercept.FilterSecurityInterceptor@2ae88712]
2020-11-29 15:44:15,207 INFO org.springframework.scheduling.concurrent.ExecutorConfigurationSupport [main] Initializing ExecutorService 'applicationTaskExecutor'
2020-11-29 15:44:15,303 WARN org.springframework.boot.autoconfigure.orm.jpa.JpaBaseConfiguration$JpaWebConfiguration$JpaWebMvcConfiguration [main] spring.jpa.open-in-view is enabled by default. Therefore, database queries may be performed during view rendering. Explicitly configure spring.jpa.open-in-view to disable this warning
2020-11-29 15:44:15,779 INFO org.springframework.boot.StartupInfoLogger [main] Started ItemControllerTest in 5.697 seconds (JVM running for 7.662)
2020-11-29 15:44:15,848 INFO org.springframework.scheduling.concurrent.ExecutorConfigurationSupport [Thread-4] Shutting down ExecutorService 'applicationTaskExecutor'
2020-11-29 15:44:15,852 INFO org.springframework.orm.jpa.AbstractEntityManagerFactoryBean [Thread-4] Closing JPA EntityManagerFactory for persistence unit 'default'
2020-11-29 15:44:15,855 INFO com.zaxxer.hikari.HikariDataSource [Thread-4] HikariPool-1 - Shutdown initiated...
2020-11-29 15:44:15,860 INFO com.zaxxer.hikari.HikariDataSource [Thread-4] HikariPool-1 - Shutdown completed.
2020-11-29 15:44:50,477 INFO org.springframework.boot.StartupInfoLogger [main] Starting OrderControllerTest on MSI with PID 12448 (started by Rohan in D:\College Stuff\Courses\Udacity - Java Web Development\JDND\projects\P04-eCommerce Application\starter_code)
2020-11-29 15:44:50,484 DEBUG org.springframework.boot.StartupInfoLogger [main] Running with Spring Boot v2.1.5.RELEASE, Spring v5.1.7.RELEASE
2020-11-29 15:44:50,486 INFO org.springframework.boot.SpringApplication [main] No active profile set, falling back to default profiles: default
2020-11-29 15:44:51,250 INFO org.springframework.data.repository.config.RepositoryConfigurationDelegate [main] Bootstrapping Spring Data repositories in DEFAULT mode.
2020-11-29 15:44:51,336 INFO org.springframework.data.repository.config.RepositoryConfigurationDelegate [main] Finished Spring Data repository scanning in 74ms. Found 4 repository interfaces.
2020-11-29 15:44:51,965 INFO org.springframework.context.support.PostProcessorRegistrationDelegate$BeanPostProcessorChecker [main] Bean 'org.springframework.transaction.annotation.ProxyTransactionManagementConfiguration' of type [org.springframework.transaction.annotation.ProxyTransactionManagementConfiguration$$EnhancerBySpringCGLIB$$ef82919e] is not eligible for getting processed by all BeanPostProcessors (for example: not eligible for auto-proxying)
2020-11-29 15:44:52,245 INFO com.zaxxer.hikari.HikariDataSource [main] HikariPool-1 - Starting...
2020-11-29 15:44:52,437 INFO com.zaxxer.hikari.HikariDataSource [main] HikariPool-1 - Start completed.
2020-11-29 15:44:52,527 INFO org.hibernate.jpa.internal.util.LogHelper [main] HHH000204: Processing PersistenceUnitInfo [
	name: default
	...]
2020-11-29 15:44:52,612 INFO org.hibernate.Version [main] HHH000412: Hibernate Core {5.3.10.Final}
2020-11-29 15:44:52,614 INFO org.hibernate.cfg.Environment [main] HHH000206: hibernate.properties not found
2020-11-29 15:44:52,673 INFO org.hibernate.annotations.common.reflection.java.JavaReflectionManager [main] HCANN000001: Hibernate Commons Annotations {5.0.4.Final}
2020-11-29 15:44:52,870 INFO org.hibernate.dialect.Dialect [main] HHH000400: Using dialect: org.hibernate.dialect.H2Dialect
2020-11-29 15:44:53,512 INFO org.springframework.orm.jpa.AbstractEntityManagerFactoryBean [main] Initialized JPA EntityManagerFactory for persistence unit 'default'
2020-11-29 15:44:54,384 INFO org.springframework.security.web.DefaultSecurityFilterChain [main] Creating filter chain: any request, [org.springframework.security.web.context.request.async.WebAsyncManagerIntegrationFilter@261609a7, org.springframework.security.web.context.SecurityContextPersistenceFilter@488279d3, org.springframework.security.web.header.HeaderWriterFilter@5c1687d1, org.springframework.web.filter.CorsFilter@39296cef, org.springframework.security.web.authentication.logout.LogoutFilter@4023d23f, com.example.demo.security.JWTAuthenticationFilter@7dfca9e6, com.example.demo.security.JWTAuthorizationFilter@7771c4e, org.springframework.security.web.savedrequest.RequestCacheAwareFilter@13866865, org.springframework.security.web.servletapi.SecurityContextHolderAwareRequestFilter@af94b0b, org.springframework.security.web.authentication.AnonymousAuthenticationFilter@113a6636, org.springframework.security.web.session.SessionManagementFilter@19de32cb, org.springframework.security.web.access.ExceptionTranslationFilter@5ca7619f, org.springframework.security.web.access.intercept.FilterSecurityInterceptor@3462e99a]
2020-11-29 15:44:55,073 INFO org.springframework.scheduling.concurrent.ExecutorConfigurationSupport [main] Initializing ExecutorService 'applicationTaskExecutor'
2020-11-29 15:44:55,147 WARN org.springframework.boot.autoconfigure.orm.jpa.JpaBaseConfiguration$JpaWebConfiguration$JpaWebMvcConfiguration [main] spring.jpa.open-in-view is enabled by default. Therefore, database queries may be performed during view rendering. Explicitly configure spring.jpa.open-in-view to disable this warning
2020-11-29 15:44:55,640 INFO org.springframework.boot.StartupInfoLogger [main] Started OrderControllerTest in 5.491 seconds (JVM running for 7.226)
2020-11-29 15:44:55,678 INFO com.example.demo.controllers.OrderController [main] Order submitted for user: test
2020-11-29 15:44:55,691 INFO com.example.demo.controllers.OrderController [main] Order submitted for user: test
2020-11-29 15:44:55,708 INFO org.springframework.scheduling.concurrent.ExecutorConfigurationSupport [Thread-4] Shutting down ExecutorService 'applicationTaskExecutor'
2020-11-29 15:44:55,711 INFO org.springframework.orm.jpa.AbstractEntityManagerFactoryBean [Thread-4] Closing JPA EntityManagerFactory for persistence unit 'default'
2020-11-29 15:44:55,715 INFO com.zaxxer.hikari.HikariDataSource [Thread-4] HikariPool-1 - Shutdown initiated...
2020-11-29 15:44:55,717 INFO com.zaxxer.hikari.HikariDataSource [Thread-4] HikariPool-1 - Shutdown completed.
2020-11-29 15:45:23,268 INFO org.springframework.boot.StartupInfoLogger [main] Starting UserControllerTest on MSI with PID 19952 (started by Rohan in D:\College Stuff\Courses\Udacity - Java Web Development\JDND\projects\P04-eCommerce Application\starter_code)
2020-11-29 15:45:23,269 DEBUG org.springframework.boot.StartupInfoLogger [main] Running with Spring Boot v2.1.5.RELEASE, Spring v5.1.7.RELEASE
2020-11-29 15:45:23,270 INFO org.springframework.boot.SpringApplication [main] No active profile set, falling back to default profiles: default
2020-11-29 15:45:23,914 INFO org.springframework.data.repository.config.RepositoryConfigurationDelegate [main] Bootstrapping Spring Data repositories in DEFAULT mode.
2020-11-29 15:45:23,980 INFO org.springframework.data.repository.config.RepositoryConfigurationDelegate [main] Finished Spring Data repository scanning in 59ms. Found 4 repository interfaces.
2020-11-29 15:45:24,631 INFO org.springframework.context.support.PostProcessorRegistrationDelegate$BeanPostProcessorChecker [main] Bean 'org.springframework.transaction.annotation.ProxyTransactionManagementConfiguration' of type [org.springframework.transaction.annotation.ProxyTransactionManagementConfiguration$$EnhancerBySpringCGLIB$$91f9d330] is not eligible for getting processed by all BeanPostProcessors (for example: not eligible for auto-proxying)
2020-11-29 15:45:24,863 INFO com.zaxxer.hikari.HikariDataSource [main] HikariPool-1 - Starting...
2020-11-29 15:45:25,054 INFO com.zaxxer.hikari.HikariDataSource [main] HikariPool-1 - Start completed.
2020-11-29 15:45:25,146 INFO org.hibernate.jpa.internal.util.LogHelper [main] HHH000204: Processing PersistenceUnitInfo [
	name: default
	...]
2020-11-29 15:45:25,226 INFO org.hibernate.Version [main] HHH000412: Hibernate Core {5.3.10.Final}
2020-11-29 15:45:25,228 INFO org.hibernate.cfg.Environment [main] HHH000206: hibernate.properties not found
2020-11-29 15:45:25,284 INFO org.hibernate.annotations.common.reflection.java.JavaReflectionManager [main] HCANN000001: Hibernate Commons Annotations {5.0.4.Final}
2020-11-29 15:45:25,480 INFO org.hibernate.dialect.Dialect [main] HHH000400: Using dialect: org.hibernate.dialect.H2Dialect
2020-11-29 15:45:26,147 INFO org.springframework.orm.jpa.AbstractEntityManagerFactoryBean [main] Initialized JPA EntityManagerFactory for persistence unit 'default'
2020-11-29 15:45:26,996 INFO org.springframework.security.web.DefaultSecurityFilterChain [main] Creating filter chain: any request, [org.springframework.security.web.context.request.async.WebAsyncManagerIntegrationFilter@64829470, org.springframework.security.web.context.SecurityContextPersistenceFilter@59b3f162, org.springframework.security.web.header.HeaderWriterFilter@24563809, org.springframework.web.filter.CorsFilter@1f95158a, org.springframework.security.web.authentication.logout.LogoutFilter@22dc9d46, com.example.demo.security.JWTAuthenticationFilter@31fc658f, com.example.demo.security.JWTAuthorizationFilter@60d32006, org.springframework.security.web.savedrequest.RequestCacheAwareFilter@9976b27, org.springframework.security.web.servletapi.SecurityContextHolderAwareRequestFilter@665f88e1, org.springframework.security.web.authentication.AnonymousAuthenticationFilter@10820978, org.springframework.security.web.session.SessionManagementFilter@54087bdb, org.springframework.security.web.access.ExceptionTranslationFilter@418bdde9, org.springframework.security.web.access.intercept.FilterSecurityInterceptor@52f118aa]
2020-11-29 15:45:27,621 INFO org.springframework.scheduling.concurrent.ExecutorConfigurationSupport [main] Initializing ExecutorService 'applicationTaskExecutor'
2020-11-29 15:45:27,683 WARN org.springframework.boot.autoconfigure.orm.jpa.JpaBaseConfiguration$JpaWebConfiguration$JpaWebMvcConfiguration [main] spring.jpa.open-in-view is enabled by default. Therefore, database queries may be performed during view rendering. Explicitly configure spring.jpa.open-in-view to disable this warning
2020-11-29 15:45:28,341 INFO org.springframework.boot.StartupInfoLogger [main] Started UserControllerTest in 5.431 seconds (JVM running for 7.618)
2020-11-29 15:45:28,451 INFO com.example.demo.controllers.UserController [main] New user request: test
2020-11-29 15:45:28,453 INFO com.example.demo.controllers.UserController [main] User has been created successfully: test
2020-11-29 15:45:28,465 INFO org.springframework.scheduling.concurrent.ExecutorConfigurationSupport [Thread-4] Shutting down ExecutorService 'applicationTaskExecutor'
2020-11-29 15:45:28,468 INFO org.springframework.orm.jpa.AbstractEntityManagerFactoryBean [Thread-4] Closing JPA EntityManagerFactory for persistence unit 'default'
2020-11-29 15:45:28,474 INFO com.zaxxer.hikari.HikariDataSource [Thread-4] HikariPool-1 - Shutdown initiated...
2020-11-29 15:45:28,482 INFO com.zaxxer.hikari.HikariDataSource [Thread-4] HikariPool-1 - Shutdown completed.
2020-11-29 18:53:25,399 WARN com.zaxxer.hikari.pool.HikariPool$HouseKeeper [HikariPool-1 housekeeper] HikariPool-1 - Thread starvation or clock leap detected (housekeeper delta=38m43s885ms921µs600ns).
2020-11-29 19:57:52,042 INFO org.springframework.scheduling.concurrent.ExecutorConfigurationSupport [Thread-3] Shutting down ExecutorService 'applicationTaskExecutor'
2020-11-29 19:57:52,051 INFO org.springframework.orm.jpa.AbstractEntityManagerFactoryBean [Thread-3] Closing JPA EntityManagerFactory for persistence unit 'default'
2020-11-29 19:57:52,071 INFO com.zaxxer.hikari.HikariDataSource [Thread-3] HikariPool-1 - Shutdown initiated...
2020-11-29 19:57:52,079 INFO com.zaxxer.hikari.HikariDataSource [Thread-3] HikariPool-1 - Shutdown completed.
2020-11-29 19:57:58,353 INFO org.springframework.boot.StartupInfoLogger [main] Starting SareetaApplication on MSI with PID 25584 (started by Rohan in D:\College Stuff\Courses\Udacity - Java Web Development\JDND\projects\P04-eCommerce Application\starter_code)
2020-11-29 19:57:58,359 DEBUG org.springframework.boot.StartupInfoLogger [main] Running with Spring Boot v2.1.5.RELEASE, Spring v5.1.7.RELEASE
2020-11-29 19:57:58,365 INFO org.springframework.boot.SpringApplication [main] No active profile set, falling back to default profiles: default
2020-11-29 19:57:59,497 INFO org.springframework.data.repository.config.RepositoryConfigurationDelegate [main] Bootstrapping Spring Data repositories in DEFAULT mode.
2020-11-29 19:57:59,609 INFO org.springframework.data.repository.config.RepositoryConfigurationDelegate [main] Finished Spring Data repository scanning in 95ms. Found 4 repository interfaces.
2020-11-29 19:58:00,365 INFO org.springframework.context.support.PostProcessorRegistrationDelegate$BeanPostProcessorChecker [main] Bean 'org.springframework.transaction.annotation.ProxyTransactionManagementConfiguration' of type [org.springframework.transaction.annotation.ProxyTransactionManagementConfiguration$$EnhancerBySpringCGLIB$$f97d60ff] is not eligible for getting processed by all BeanPostProcessors (for example: not eligible for auto-proxying)
2020-11-29 19:58:00,748 INFO org.springframework.boot.web.embedded.tomcat.TomcatWebServer [main] Tomcat initialized with port(s): 8080 (http)
2020-11-29 19:58:00,768 INFO org.apache.juli.logging.DirectJDKLog [main] Initializing ProtocolHandler ["http-nio-8080"]
2020-11-29 19:58:00,782 INFO org.apache.juli.logging.DirectJDKLog [main] Starting service [Tomcat]
2020-11-29 19:58:00,783 INFO org.apache.juli.logging.DirectJDKLog [main] Starting Servlet engine: [Apache Tomcat/9.0.19]
2020-11-29 19:58:00,979 INFO org.apache.juli.logging.DirectJDKLog [main] Initializing Spring embedded WebApplicationContext
2020-11-29 19:58:00,979 INFO org.springframework.boot.web.servlet.context.ServletWebServerApplicationContext [main] Root WebApplicationContext: initialization completed in 2516 ms
2020-11-29 19:58:01,210 INFO com.zaxxer.hikari.HikariDataSource [main] HikariPool-1 - Starting...
2020-11-29 19:58:01,409 INFO com.zaxxer.hikari.HikariDataSource [main] HikariPool-1 - Start completed.
2020-11-29 19:58:01,484 INFO org.hibernate.jpa.internal.util.LogHelper [main] HHH000204: Processing PersistenceUnitInfo [
	name: default
	...]
2020-11-29 19:58:01,577 INFO org.hibernate.Version [main] HHH000412: Hibernate Core {5.3.10.Final}
2020-11-29 19:58:01,581 INFO org.hibernate.cfg.Environment [main] HHH000206: hibernate.properties not found
2020-11-29 19:58:01,806 INFO org.hibernate.annotations.common.reflection.java.JavaReflectionManager [main] HCANN000001: Hibernate Commons Annotations {5.0.4.Final}
2020-11-29 19:58:02,004 INFO org.hibernate.dialect.Dialect [main] HHH000400: Using dialect: org.hibernate.dialect.H2Dialect
2020-11-29 19:58:03,216 INFO org.springframework.orm.jpa.AbstractEntityManagerFactoryBean [main] Initialized JPA EntityManagerFactory for persistence unit 'default'
2020-11-29 19:58:04,069 INFO org.springframework.security.web.DefaultSecurityFilterChain [main] Creating filter chain: any request, [org.springframework.security.web.context.request.async.WebAsyncManagerIntegrationFilter@3da30ce5, org.springframework.security.web.context.SecurityContextPersistenceFilter@c7a1db6, org.springframework.security.web.header.HeaderWriterFilter@664083f6, org.springframework.web.filter.CorsFilter@1e4b70c6, org.springframework.security.web.authentication.logout.LogoutFilter@498503cb, com.example.demo.security.JWTAuthenticationFilter@7054c068, com.example.demo.security.JWTAuthorizationFilter@48301bfe, org.springframework.security.web.savedrequest.RequestCacheAwareFilter@7b6b99c5, org.springframework.security.web.servletapi.SecurityContextHolderAwareRequestFilter@49392256, org.springframework.security.web.authentication.AnonymousAuthenticationFilter@6dd1f239, org.springframework.security.web.session.SessionManagementFilter@67216c33, org.springframework.security.web.access.ExceptionTranslationFilter@7a74672, org.springframework.security.web.access.intercept.FilterSecurityInterceptor@14980819]
2020-11-29 19:58:04,348 INFO org.springframework.scheduling.concurrent.ExecutorConfigurationSupport [main] Initializing ExecutorService 'applicationTaskExecutor'
2020-11-29 19:58:04,476 WARN org.springframework.boot.autoconfigure.orm.jpa.JpaBaseConfiguration$JpaWebConfiguration$JpaWebMvcConfiguration [main] spring.jpa.open-in-view is enabled by default. Therefore, database queries may be performed during view rendering. Explicitly configure spring.jpa.open-in-view to disable this warning
2020-11-29 19:58:04,782 INFO org.apache.juli.logging.DirectJDKLog [main] Starting ProtocolHandler ["http-nio-8080"]
2020-11-29 19:58:04,825 INFO org.springframework.boot.web.embedded.tomcat.TomcatWebServer [main] Tomcat started on port(s): 8080 (http) with context path ''
2020-11-29 19:58:04,829 INFO org.springframework.boot.StartupInfoLogger [main] Started SareetaApplication in 7.097 seconds (JVM running for 7.704)
2020-11-29 19:58:49,275 INFO org.apache.juli.logging.DirectJDKLog [http-nio-8080-exec-1] Initializing Spring DispatcherServlet 'dispatcherServlet'
2020-11-29 19:58:49,276 INFO org.springframework.web.servlet.FrameworkServlet [http-nio-8080-exec-1] Initializing Servlet 'dispatcherServlet'
2020-11-29 19:58:49,289 INFO org.springframework.web.servlet.FrameworkServlet [http-nio-8080-exec-1] Completed initialization in 12 ms
2020-11-29 19:58:49,402 INFO com.example.demo.controllers.UserController [http-nio-8080-exec-1] New user request: Rohan
2020-11-29 19:58:49,462 ERROR com.example.demo.controllers.UserController [http-nio-8080-exec-1] Password doesn't match requirements. User Rohan could not be created.
2020-11-29 19:59:04,999 INFO com.example.demo.controllers.UserController [http-nio-8080-exec-4] New user request: Rohan
2020-11-29 19:59:05,002 ERROR com.example.demo.controllers.UserController [http-nio-8080-exec-4] Password doesn't match requirements. User Rohan could not be created.
2020-11-29 19:59:09,436 INFO com.example.demo.controllers.UserController [http-nio-8080-exec-7] New user request: Rohan
2020-11-29 19:59:09,537 INFO com.example.demo.controllers.UserController [http-nio-8080-exec-7] User has been created successfully: Rohan
2020-11-29 19:59:49,966 DEBUG org.springframework.security.web.authentication.AbstractAuthenticationProcessingFilter [http-nio-8080-exec-8] Request is to process authentication
2020-11-29 19:59:50,073 INFO org.hibernate.hql.internal.QueryTranslatorFactoryInitiator [http-nio-8080-exec-8] HHH000397: Using ASTQueryTranslatorFactory
2020-11-29 20:00:38,554 ERROR com.example.demo.controllers.CartController [http-nio-8080-exec-6] User not found: Rohan1
2020-11-29 20:00:49,677 INFO com.example.demo.controllers.CartController [http-nio-8080-exec-9] Username: Rohan
2020-11-29 20:00:49,682 ERROR com.example.demo.controllers.CartController [http-nio-8080-exec-9] Item not found: 3
2020-11-29 20:00:58,887 INFO com.example.demo.controllers.CartController [http-nio-8080-exec-10] Username: Rohan
2020-11-29 20:00:58,894 INFO com.example.demo.controllers.CartController [http-nio-8080-exec-10] Item : 1
2020-11-29 20:01:10,450 ERROR com.example.demo.controllers.OrderController [http-nio-8080-exec-3] User not found. Can not submit order: Rohan1
2020-11-29 20:01:13,636 INFO com.example.demo.controllers.OrderController [http-nio-8080-exec-1] Order submitted for user: Rohan
2020-11-29 20:01:42,167 INFO com.example.demo.controllers.UserController [http-nio-8080-exec-2] New user request: Udacity
2020-11-29 20:01:42,169 ERROR com.example.demo.controllers.UserController [http-nio-8080-exec-2] Password doesn't match requirements. User Udacity could not be created.
2020-11-29 20:01:49,265 INFO com.example.demo.controllers.UserController [http-nio-8080-exec-5] New user request: Udacity
2020-11-29 20:01:49,351 INFO com.example.demo.controllers.UserController [http-nio-8080-exec-5] User has been created successfully: Udacity
2020-11-29 20:02:03,375 DEBUG org.springframework.security.web.authentication.AbstractAuthenticationProcessingFilter [http-nio-8080-exec-7] Request is to process authentication
2020-11-29 20:02:37,275 ERROR com.example.demo.controllers.CartController [http-nio-8080-exec-8] User not found: Udacity123
2020-11-29 20:02:45,939 INFO com.example.demo.controllers.CartController [http-nio-8080-exec-6] Username: Udacity
2020-11-29 20:02:45,941 ERROR com.example.demo.controllers.CartController [http-nio-8080-exec-6] Item not found: 23
2020-11-29 20:02:49,347 INFO com.example.demo.controllers.CartController [http-nio-8080-exec-9] Username: Udacity
2020-11-29 20:02:49,350 INFO com.example.demo.controllers.CartController [http-nio-8080-exec-9] Item : 2
2020-11-29 20:03:09,601 ERROR com.example.demo.controllers.OrderController [http-nio-8080-exec-10] User not found. Can not submit order: Udacity123
2020-11-29 20:03:12,667 INFO com.example.demo.controllers.OrderController [http-nio-8080-exec-3] Order submitted for user: Udacity
2020-11-29 21:58:31,159 WARN com.zaxxer.hikari.pool.HikariPool$HouseKeeper [HikariPool-1 housekeeper] HikariPool-1 - Thread starvation or clock leap detected (housekeeper delta=3m57s975ms196µs200ns).
